<?xml version="1.0" encoding="UTF-8"?>
<testng-results skipped="0" failed="0" ignored="0" total="1" passed="1">
  <reporter-output>
  </reporter-output>
  <suite name="Default suite" duration-ms="13498" started-at="2020-06-14T15:53:43 EDT" finished-at="2020-06-14T15:53:56 EDT">
    <groups>
    </groups>
    <test name="Default test" duration-ms="13498" started-at="2020-06-14T15:53:43 EDT" finished-at="2020-06-14T15:53:56 EDT">
      <class name="praticealltime.Praticebellal">
        <test-method status="PASS" signature="openBrowser()[pri:0, instance:praticealltime.Praticebellal@4b4523f8]" name="openBrowser" duration-ms="13405" started-at="2020-06-14T15:53:43 EDT" finished-at="2020-06-14T15:53:56 EDT">
          <reporter-output>
          </reporter-output>
        </test-method> <!-- openBrowser -->
      </class> <!-- praticealltime.Praticebellal -->
    </test> <!-- Default test -->
  </suite> <!-- Default suite -->
</testng-results>
